# JRE version: Java(TM) SE Runtime Environment (20.0+36) (build 20+36-2344)
# Java VM: Java HotSpot(TM) 64-Bit Server VM (20+36-2344, mixed mode, sharing, tiered, compressed oops, compressed class ptrs, g1 gc, windows-amd64)
GC Precious Log:
 CardTable entry size: 512
 Card Set container configuration: InlinePtr #cards 5 size 8 Array Of Cards #cards 12 size 40 Howl #buckets 4 coarsen threshold 1843 Howl Bitmap #cards 512 size 80 coarsen threshold 460 Card regions per heap region 1 cards per card region 2048
 CPUs: 12 total, 12 available
 Memory: 5996M
 Large Page Support: Disabled
 NUMA Support: Disabled
 Compressed Oops: Enabled (32-bit)
 Heap Region Size: 1M
 Heap Min Capacity: 8M
 Heap Initial Capacity: 94M
 Heap Max Capacity: 1500M
 Pre-touch: Disabled
 Parallel Workers: 10
 Concurrent Workers: 3
 Concurrent Refinement Workers: 10
 Periodic GC: Disabled
Heap:
 garbage-first heap   total 70656K, used 63793K [0x00000000a2400000, 0x0000000100000000)
  region size 1024K, 30 young (30720K), 3 survivors (3072K)
 Metaspace       used 83742K, committed 84992K, reserved 1179648K
  class space    used 11331K, committed 11840K, reserved 1048576K
GC Heap History (20 events):
Event: 13.244 GC heap after
{Heap after GC invocations=20 (full 0):
 garbage-first heap   total 56320K, used 35476K [0x00000000a2400000, 0x0000000100000000)
  region size 1024K, 3 young (3072K), 3 survivors (3072K)
 Metaspace       used 72105K, committed 72896K, reserved 1114112K
  class space    used 9768K, committed 10112K, reserved 1048576K
}
Event: 13.980 GC heap before
{Heap before GC invocations=20 (full 0):
 garbage-first heap   total 56320K, used 48788K [0x00000000a2400000, 0x0000000100000000)
  region size 1024K, 16 young (16384K), 3 survivors (3072K)
 Metaspace       used 74307K, committed 75136K, reserved 1114112K
  class space    used 10108K, committed 10496K, reserved 1048576K
}
Event: 13.987 GC heap after
{Heap after GC invocations=21 (full 0):
 garbage-first heap   total 56320K, used 37295K [0x00000000a2400000, 0x0000000100000000)
  region size 1024K, 2 young (2048K), 2 survivors (2048K)
 Metaspace       used 74307K, committed 75136K, reserved 1114112K
  class space    used 10108K, committed 10496K, reserved 1048576K
}
Event: 24.384 GC heap before
{Heap before GC invocations=22 (full 0):
 garbage-first heap   total 65536K, used 49583K [0x00000000a2400000, 0x0000000100000000)
  region size 1024K, 14 young (14336K), 2 survivors (2048K)
 Metaspace       used 77835K, committed 78720K, reserved 1179648K
  class space    used 10550K, committed 10944K, reserved 1048576K
}
Event: 24.390 GC heap after
{Heap after GC invocations=23 (full 0):
 garbage-first heap   total 65536K, used 38385K [0x00000000a2400000, 0x0000000100000000)
  region size 1024K, 2 young (2048K), 2 survivors (2048K)
 Metaspace       used 77835K, committed 78720K, reserved 1179648K
  class space    used 10550K, committed 10944K, reserved 1048576K
}
Event: 25.464 GC heap before
{Heap before GC invocations=23 (full 0):
 garbage-first heap   total 65536K, used 56817K [0x00000000a2400000, 0x0000000100000000)
  region size 1024K, 21 young (21504K), 2 survivors (2048K)
 Metaspace       used 82872K, committed 83776K, reserved 1179648K
  class space    used 11323K, committed 11712K, reserved 1048576K
}
Event: 25.470 GC heap after
{Heap after GC invocations=24 (full 0):
 garbage-first heap   total 65536K, used 38964K [0x00000000a2400000, 0x0000000100000000)
  region size 1024K, 3 young (3072K), 3 survivors (3072K)
 Metaspace       used 82872K, committed 83776K, reserved 1179648K
  class space    used 11323K, committed 11712K, reserved 1048576K
}
Event: 351.973 GC heap before
{Heap before GC invocations=24 (full 0):
 garbage-first heap   total 65536K, used 57396K [0x00000000a2400000, 0x0000000100000000)
  region size 1024K, 21 young (21504K), 3 survivors (3072K)
 Metaspace       used 83811K, committed 84736K, reserved 1179648K
  class space    used 11444K, committed 11840K, reserved 1048576K
}
Event: 352.046 GC heap after
{Heap after GC invocations=25 (full 0):
 garbage-first heap   total 65536K, used 39465K [0x00000000a2400000, 0x0000000100000000)
  region size 1024K, 2 young (2048K), 2 survivors (2048K)
 Metaspace       used 83811K, committed 84736K, reserved 1179648K
  class space    used 11444K, committed 11840K, reserved 1048576K
}
Event: 765.492 GC heap before
{Heap before GC invocations=26 (full 0):
 garbage-first heap   total 70656K, used 57897K [0x00000000a2400000, 0x0000000100000000)
  region size 1024K, 20 young (20480K), 2 survivors (2048K)
 Metaspace       used 83855K, committed 84800K, reserved 1179648K
  class space    used 11444K, committed 11840K, reserved 1048576K
}
Event: 765.572 GC heap after
{Heap after GC invocations=27 (full 0):
 garbage-first heap   total 70656K, used 39458K [0x00000000a2400000, 0x0000000100000000)
  region size 1024K, 2 young (2048K), 2 survivors (2048K)
 Metaspace       used 83855K, committed 84800K, reserved 1179648K
  class space    used 11444K, committed 11840K, reserved 1048576K
}
Event: 1288.858 GC heap before
{Heap before GC invocations=27 (full 0):
 garbage-first heap   total 70656K, used 63010K [0x00000000a2400000, 0x0000000100000000)
  region size 1024K, 25 young (25600K), 2 survivors (2048K)
 Metaspace       used 83916K, committed 84800K, reserved 1179648K
  class space    used 11444K, committed 11840K, reserved 1048576K
}
Event: 1289.136 GC heap after
{Heap after GC invocations=28 (full 0):
 garbage-first heap   total 70656K, used 38924K [0x00000000a2400000, 0x0000000100000000)
  region size 1024K, 2 young (2048K), 2 survivors (2048K)
 Metaspace       used 83916K, committed 84800K, reserved 1179648K
  class space    used 11444K, committed 11840K, reserved 1048576K
}
Event: 1767.685 GC heap before
{Heap before GC invocations=28 (full 0):
 garbage-first heap   total 70656K, used 63500K [0x00000000a2400000, 0x0000000100000000)
  region size 1024K, 26 young (26624K), 2 survivors (2048K)
 Metaspace       used 84037K, committed 84928K, reserved 1179648K
  class space    used 11448K, committed 11840K, reserved 1048576K
}
Event: 1767.773 GC heap after
{Heap after GC invocations=29 (full 0):
 garbage-first heap   total 70656K, used 39413K [0x00000000a2400000, 0x0000000100000000)
  region size 1024K, 2 young (2048K), 2 survivors (2048K)
 Metaspace       used 84037K, committed 84928K, reserved 1179648K
  class space    used 11448K, committed 11840K, reserved 1048576K
}
Event: 2303.613 GC heap before
{Heap before GC invocations=30 (full 0):
 garbage-first heap   total 70656K, used 63989K [0x00000000a2400000, 0x0000000100000000)
  region size 1024K, 26 young (26624K), 2 survivors (2048K)
 Metaspace       used 83633K, committed 84928K, reserved 1179648K
  class space    used 11331K, committed 11840K, reserved 1048576K
}
Event: 2303.721 GC heap after
{Heap after GC invocations=31 (full 0):
 garbage-first heap   total 70656K, used 39409K [0x00000000a2400000, 0x0000000100000000)
  region size 1024K, 2 young (2048K), 2 survivors (2048K)
 Metaspace       used 83633K, committed 84928K, reserved 1179648K
  class space    used 11331K, committed 11840K, reserved 1048576K
}
Event: 2849.298 GC heap before
{Heap before GC invocations=31 (full 0):
 garbage-first heap   total 70656K, used 63985K [0x00000000a2400000, 0x0000000100000000)
  region size 1024K, 26 young (26624K), 2 survivors (2048K)
 Metaspace       used 83666K, committed 84928K, reserved 1179648K
  class space    used 11331K, committed 11840K, reserved 1048576K
}
Event: 2849.419 GC heap after
{Heap after GC invocations=32 (full 0):
 garbage-first heap   total 70656K, used 36145K [0x00000000a2400000, 0x0000000100000000)
  region size 1024K, 2 young (2048K), 2 survivors (2048K)
 Metaspace       used 83666K, committed 84928K, reserved 1179648K
  class space    used 11331K, committed 11840K, reserved 1048576K
}
Event: 3406.194 GC heap before
{Heap before GC invocations=32 (full 0):
 garbage-first heap   total 70656K, used 63793K [0x00000000a2400000, 0x0000000100000000)
  region size 1024K, 29 young (29696K), 2 survivors (2048K)
 Metaspace       used 83742K, committed 84992K, reserved 1179648K
  class space    used 11331K, committed 11840K, reserved 1048576K
}

